<?xml version="1.0" encoding="UTF-8"?>
<testsuite xmlns:xsi="http://www.w3.org/2001/XMLSchema-instance" xsi:noNamespaceSchemaLocation="https://maven.apache.org/surefire/maven-surefire-plugin/xsd/surefire-test-report-3.0.xsd" version="3.0" name="com.saucedemo.runners.RunCucumberTest" time="12.726" tests="4" errors="0" skipped="0" failures="0">
  <properties>
[...]
</properties>
  <testcase name="@US0101-01_Login success" classname="User Authentication test" time="6.721">
    <system-out><![CDATA[
@login @auth @security @fullRegression @US0101-01 @smoke
Scenario: @US0101-01_Login success                &amp#27;[90m# src/test/resources/features/login.feature:5&amp#27;[0m
  &amp#27;[32mGiven &amp#27;[0m&amp#27;[32mUser is on login page&amp#27;[0m                     &amp#27;[90m# com.saucedemo.steps.LoginSteps.loadLoginPage()&amp#27;[0m
  &amp#27;[32mWhen &amp#27;[0m&amp#27;[32mUser enter the username as &amp#27;[0m&amp#27;[32m&amp#27;[1m"standard_user"&amp#27;[0m &amp#27;[90m# com.saucedemo.steps.LoginSteps.fillUserName(java.lang.String)&amp#27;[0m
  &amp#27;[32mAnd &amp#27;[0m&amp#27;[32mUser enter the password as &amp#27;[0m&amp#27;[32m&amp#27;[1m"secret_sauce"&amp#27;[0m   &amp#27;[90m# com.saucedemo.steps.LoginSteps.fillPassword(java.lang.String)&amp#27;[0m
  &amp#27;[32mAnd &amp#27;[0m&amp#27;[32mUser click on the login button&amp#27;[0m              &amp#27;[90m# com.saucedemo.steps.LoginSteps.clickLoginButton()&amp#27;[0m
  &amp#27;[32mThen &amp#27;[0m&amp#27;[32mUser should see inventory page&amp#27;[0m             &amp#27;[90m# com.saucedemo.steps.InventorySteps.validateInventoryPage()&amp#27;[0m
]]></system-out>
    <system-err><![CDATA[SLF4J(W): No SLF4J providers were found.
SLF4J(W): Defaulting to no-operation (NOP) logger implementation
SLF4J(W): See https://www.slf4j.org/codes.html#noProviders for further details.
]]></system-err>
  </testcase>
  <testcase name="@US0102-01_Login failed" classname="User Authentication test" time="1.631">
    <system-out><![CDATA[
@login @auth @security @fullRegression @smoke
Scenario Outline: @US0102-01_Login failed                                                     &amp#27;[90m# src/test/resources/features/login.feature:22&amp#27;[0m
  &amp#27;[32mGiven &amp#27;[0m&amp#27;[32mUser is on login page&amp#27;[0m                                                                 &amp#27;[90m# com.saucedemo.steps.LoginSteps.loadLoginPage()&amp#27;[0m
  &amp#27;[32mWhen &amp#27;[0m&amp#27;[32mUser enter the username as &amp#27;[0m&amp#27;[32m&amp#27;[1m"locked_out_user"&amp#27;[0m                                           &amp#27;[90m# com.saucedemo.steps.LoginSteps.fillUserName(java.lang.String)&amp#27;[0m
  &amp#27;[32mAnd &amp#27;[0m&amp#27;[32mUser enter the password as &amp#27;[0m&amp#27;[32m&amp#27;[1m"secret_sauce"&amp#27;[0m                                               &amp#27;[90m# com.saucedemo.steps.LoginSteps.fillPassword(java.lang.String)&amp#27;[0m
  &amp#27;[32mAnd &amp#27;[0m&amp#27;[32mUser click on the login button&amp#27;[0m                                                          &amp#27;[90m# com.saucedemo.steps.LoginSteps.clickLoginButton()&amp#27;[0m
  &amp#27;[32mThen &amp#27;[0m&amp#27;[32mUser should see error message as &amp#27;[0m&amp#27;[32m&amp#27;[1m"Epic sadface: Sorry, this user has been locked out."&amp#27;[0m &amp#27;[90m# com.saucedemo.steps.LoginSteps.validateLoginErrorMessage(java.lang.String)&amp#27;[0m
]]></system-out>
  </testcase>
  <testcase name="@US0102-02_Login failed" classname="User Authentication test" time="1.559">
    <system-out><![CDATA[
@login @auth @security @fullRegression @smoke
Scenario Outline: @US0102-02_Login failed                                                                           &amp#27;[90m# src/test/resources/features/login.feature:23&amp#27;[0m
  &amp#27;[32mGiven &amp#27;[0m&amp#27;[32mUser is on login page&amp#27;[0m                                                                                       &amp#27;[90m# com.saucedemo.steps.LoginSteps.loadLoginPage()&amp#27;[0m
  &amp#27;[32mWhen &amp#27;[0m&amp#27;[32mUser enter the username as &amp#27;[0m&amp#27;[32m&amp#27;[1m"wrong_user"&amp#27;[0m                                                                      &amp#27;[90m# com.saucedemo.steps.LoginSteps.fillUserName(java.lang.String)&amp#27;[0m
  &amp#27;[32mAnd &amp#27;[0m&amp#27;[32mUser enter the password as &amp#27;[0m&amp#27;[32m&amp#27;[1m"secret_sauce"&amp#27;[0m                                                                     &amp#27;[90m# com.saucedemo.steps.LoginSteps.fillPassword(java.lang.String)&amp#27;[0m
  &amp#27;[32mAnd &amp#27;[0m&amp#27;[32mUser click on the login button&amp#27;[0m                                                                                &amp#27;[90m# com.saucedemo.steps.LoginSteps.clickLoginButton()&amp#27;[0m
  &amp#27;[32mThen &amp#27;[0m&amp#27;[32mUser should see error message as &amp#27;[0m&amp#27;[32m&amp#27;[1m"Epic sadface: Username and password do not match any user in this service"&amp#27;[0m &amp#27;[90m# com.saucedemo.steps.LoginSteps.validateLoginErrorMessage(java.lang.String)&amp#27;[0m
]]></system-out>
  </testcase>
  <testcase name="@US0103-01_User Logout and return login page" classname="User Authentication test" time="2.625">
    <system-out><![CDATA[
@login @auth @security @fullRegression @US0103-01 @smoke
Scenario: @US0103-01_User Logout and return login page                     &amp#27;[90m# src/test/resources/features/login.feature:30&amp#27;[0m
  &amp#27;[32mGiven &amp#27;[0m&amp#27;[32mUser is logged in with &amp#27;[0m&amp#27;[32m&amp#27;[1m"standard_user"&amp#27;[0m&amp#27;[32m, &amp#27;[0m&amp#27;[32m&amp#27;[1m"secret_sauce"&amp#27;[0m&amp#27;[32m credentials&amp#27;[0m &amp#27;[90m# com.saucedemo.steps.LoginSteps.logginAsCredentials(java.lang.String,java.lang.String)&amp#27;[0m
  &amp#27;[32mWhen &amp#27;[0m&amp#27;[32mUser click on side menu&amp#27;[0m                                             &amp#27;[90m# com.saucedemo.steps.InventorySteps.clickSideMenu()&amp#27;[0m
  &amp#27;[32mAnd &amp#27;[0m&amp#27;[32mUser click on Logout option&amp#27;[0m                                          &amp#27;[90m# com.saucedemo.steps.InventorySteps.clickLogoutButton()&amp#27;[0m
  &amp#27;[32mThen &amp#27;[0m&amp#27;[32mUser should see Login page&amp#27;[0m                                          &amp#27;[90m# com.saucedemo.steps.LoginSteps.validateLoginPage()&amp#27;[0m
]]></system-out>
  </testcase>
</testsuite>